# Logfile created on 2022-10-08 22:14:30 +0200 by logger.rb/47272
I, [2022-10-10T10:18:54.007042 #78796]  INFO -- : Running example 'Verifying a pact between productWeb-pact and productApi-pact Given i have a list of products a request for products with GET /products returns a response which has status code 200'
I, [2022-10-10T10:18:54.008277 #78796]  INFO -- : Sending GET request to path: "/products" with headers: {"HTTP_ACCEPT"=>"application/json", "HTTP_X_PACT_ORIGINAL_HEADER_NAMES"=>"Accept", "X_PACT_PROVIDER_STATES"=>[{"name"=>"i have a list of products"}]}, see debug logs for body
D, [2022-10-10T10:18:54.008298 #78796] DEBUG -- : body :
I, [2022-10-10T10:18:54.061863 #78796]  INFO -- : Received response with status: 200, headers: {"Cache-Control"=>"no-cache, private", "Content-Type"=>"application/json", "Date"=>"Mon, 10 Oct 2022 08:18:54 GMT", "X-Powered-By"=>"PHP/8.1.11", "X-Robots-Tag"=>"noindex", "Content-Length"=>"521"}, see debug logs for body
D, [2022-10-10T10:18:54.061929 #78796] DEBUG -- : body: [{"id":"e7ba4c75-b1bb-483d-94d8-2c4a10f78472","title":"Lagavulin 16 Years","sku":"556312","price":89.9,"currency":"\u20ac","slug":"lagavulin-16-years","published":true,"createdAt":"1970-01-01T00:00:00.001Z","updatedAt":"1970-01-01T00:00:00.001Z"},{"id":"b580b471-fbf2-4498-8127-81cb89870aa9","title":"The Macallan Sherry Oak 12 Years","sku":"479024","price":75.9,"currency":"\u20ac","slug":"the-macallan-sherry-oak-12-years","published":true,"createdAt":"1970-01-01T00:00:00.001Z","updatedAt":"1970-01-01T00:00:00.001Z"}]
I, [2022-10-10T10:18:54.545660 #78796]  INFO -- : Running example 'Verifying a pact between productWeb-pact and productApi-pact Given i have a list of products a request for products with GET /products returns a response which has status code 200'
I, [2022-10-10T10:18:54.545788 #78796]  INFO -- : Sending GET request to path: "/products" with headers: {"HTTP_ACCEPT"=>"application/json", "HTTP_X_PACT_ORIGINAL_HEADER_NAMES"=>"Accept", "X_PACT_PROVIDER_STATES"=>[{"name"=>"i have a list of products"}]}, see debug logs for body
D, [2022-10-10T10:18:54.545807 #78796] DEBUG -- : body :
I, [2022-10-10T10:18:54.576554 #78796]  INFO -- : Received response with status: 200, headers: {"Cache-Control"=>"no-cache, private", "Content-Type"=>"application/json", "Date"=>"Mon, 10 Oct 2022 08:18:54 GMT", "X-Powered-By"=>"PHP/8.1.11", "X-Robots-Tag"=>"noindex", "Content-Length"=>"521"}, see debug logs for body
D, [2022-10-10T10:18:54.576607 #78796] DEBUG -- : body: [{"id":"e7ba4c75-b1bb-483d-94d8-2c4a10f78472","title":"Lagavulin 16 Years","sku":"556312","price":89.9,"currency":"\u20ac","slug":"lagavulin-16-years","published":true,"createdAt":"1970-01-01T00:00:00.001Z","updatedAt":"1970-01-01T00:00:00.001Z"},{"id":"b580b471-fbf2-4498-8127-81cb89870aa9","title":"The Macallan Sherry Oak 12 Years","sku":"479024","price":75.9,"currency":"\u20ac","slug":"the-macallan-sherry-oak-12-years","published":true,"createdAt":"1970-01-01T00:00:00.001Z","updatedAt":"1970-01-01T00:00:00.001Z"}]
I, [2022-10-10T10:21:44.535989 #79016]  INFO -- : Running example 'Verifying a pact between productWeb-pact and productApi-pact Given i have a list of products a request for products with GET /products returns a response which has status code 200'
I, [2022-10-10T10:21:44.537324 #79016]  INFO -- : Sending GET request to path: "/products" with headers: {"HTTP_ACCEPT"=>"application/json", "HTTP_X_PACT_ORIGINAL_HEADER_NAMES"=>"Accept", "X_PACT_PROVIDER_STATES"=>[{"name"=>"i have a list of products"}]}, see debug logs for body
D, [2022-10-10T10:21:44.537349 #79016] DEBUG -- : body :
I, [2022-10-10T10:21:44.572187 #79016]  INFO -- : Received response with status: 200, headers: {"Cache-Control"=>"no-cache, private", "Content-Type"=>"application/json", "Date"=>"Mon, 10 Oct 2022 08:21:44 GMT", "X-Powered-By"=>"PHP/8.1.11", "X-Robots-Tag"=>"noindex", "Content-Length"=>"521"}, see debug logs for body
D, [2022-10-10T10:21:44.572248 #79016] DEBUG -- : body: [{"id":"e7ba4c75-b1bb-483d-94d8-2c4a10f78472","title":"Lagavulin 16 Years","sku":"556312","price":89.9,"currency":"\u20ac","slug":"lagavulin-16-years","published":true,"createdAt":"1970-01-01T00:00:00.001Z","updatedAt":"1970-01-01T00:00:00.001Z"},{"id":"b580b471-fbf2-4498-8127-81cb89870aa9","title":"The Macallan Sherry Oak 12 Years","sku":"479024","price":75.9,"currency":"\u20ac","slug":"the-macallan-sherry-oak-12-years","published":true,"createdAt":"1970-01-01T00:00:00.001Z","updatedAt":"1970-01-01T00:00:00.001Z"}]
I, [2022-10-10T10:21:44.738870 #79016]  INFO -- : Running example 'Verifying a pact between productWeb-pact and productApi-pact Given i have a list of products a request for products with GET /products returns a response which has status code 200'
I, [2022-10-10T10:21:44.738983 #79016]  INFO -- : Sending GET request to path: "/products" with headers: {"HTTP_ACCEPT"=>"application/json", "HTTP_X_PACT_ORIGINAL_HEADER_NAMES"=>"Accept", "X_PACT_PROVIDER_STATES"=>[{"name"=>"i have a list of products"}]}, see debug logs for body
D, [2022-10-10T10:21:44.738999 #79016] DEBUG -- : body :
I, [2022-10-10T10:21:44.759651 #79016]  INFO -- : Received response with status: 200, headers: {"Cache-Control"=>"no-cache, private", "Content-Type"=>"application/json", "Date"=>"Mon, 10 Oct 2022 08:21:44 GMT", "X-Powered-By"=>"PHP/8.1.11", "X-Robots-Tag"=>"noindex", "Content-Length"=>"521"}, see debug logs for body
D, [2022-10-10T10:21:44.759704 #79016] DEBUG -- : body: [{"id":"e7ba4c75-b1bb-483d-94d8-2c4a10f78472","title":"Lagavulin 16 Years","sku":"556312","price":89.9,"currency":"\u20ac","slug":"lagavulin-16-years","published":true,"createdAt":"1970-01-01T00:00:00.001Z","updatedAt":"1970-01-01T00:00:00.001Z"},{"id":"b580b471-fbf2-4498-8127-81cb89870aa9","title":"The Macallan Sherry Oak 12 Years","sku":"479024","price":75.9,"currency":"\u20ac","slug":"the-macallan-sherry-oak-12-years","published":true,"createdAt":"1970-01-01T00:00:00.001Z","updatedAt":"1970-01-01T00:00:00.001Z"}]
I, [2022-10-10T10:33:32.754486 #80998]  INFO -- : Running example 'Verifying a pact between productWeb-pact and productApi-pact Given i have a list of products a request for products with GET /products returns a response which has status code 200'
I, [2022-10-10T10:33:32.755554 #80998]  INFO -- : Sending GET request to path: "/products" with headers: {"HTTP_ACCEPT"=>"application/json", "HTTP_X_PACT_ORIGINAL_HEADER_NAMES"=>"Accept", "X_PACT_PROVIDER_STATES"=>[{"name"=>"i have a list of products"}]}, see debug logs for body
D, [2022-10-10T10:33:32.755578 #80998] DEBUG -- : body :
I, [2022-10-10T10:33:32.798530 #80998]  INFO -- : Received response with status: 200, headers: {"Cache-Control"=>"no-cache, private", "Content-Type"=>"application/json", "Date"=>"Mon, 10 Oct 2022 08:33:32 GMT", "X-Powered-By"=>"PHP/8.1.11", "X-Robots-Tag"=>"noindex", "Content-Length"=>"521"}, see debug logs for body
D, [2022-10-10T10:33:32.798638 #80998] DEBUG -- : body: [{"id":"e7ba4c75-b1bb-483d-94d8-2c4a10f78472","title":"Lagavulin 16 Years","sku":"556312","price":89.9,"currency":"\u20ac","slug":"lagavulin-16-years","published":true,"createdAt":"1970-01-01T00:00:00.001Z","updatedAt":"1970-01-01T00:00:00.001Z"},{"id":"b580b471-fbf2-4498-8127-81cb89870aa9","title":"The Macallan Sherry Oak 12 Years","sku":"479024","price":75.9,"currency":"\u20ac","slug":"the-macallan-sherry-oak-12-years","published":true,"createdAt":"1970-01-01T00:00:00.001Z","updatedAt":"1970-01-01T00:00:00.001Z"}]
I, [2022-10-10T10:33:32.972251 #80998]  INFO -- : Running example 'Verifying a pact between productWeb-pact and productApi-pact Given i have a list of products a request for products with GET /products returns a response which has status code 200'
I, [2022-10-10T10:33:32.972363 #80998]  INFO -- : Sending GET request to path: "/products" with headers: {"HTTP_ACCEPT"=>"application/json", "HTTP_X_PACT_ORIGINAL_HEADER_NAMES"=>"Accept", "X_PACT_PROVIDER_STATES"=>[{"name"=>"i have a list of products"}]}, see debug logs for body
D, [2022-10-10T10:33:32.972383 #80998] DEBUG -- : body :
I, [2022-10-10T10:33:32.995350 #80998]  INFO -- : Received response with status: 200, headers: {"Cache-Control"=>"no-cache, private", "Content-Type"=>"application/json", "Date"=>"Mon, 10 Oct 2022 08:33:32 GMT", "X-Powered-By"=>"PHP/8.1.11", "X-Robots-Tag"=>"noindex", "Content-Length"=>"521"}, see debug logs for body
D, [2022-10-10T10:33:32.995414 #80998] DEBUG -- : body: [{"id":"e7ba4c75-b1bb-483d-94d8-2c4a10f78472","title":"Lagavulin 16 Years","sku":"556312","price":89.9,"currency":"\u20ac","slug":"lagavulin-16-years","published":true,"createdAt":"1970-01-01T00:00:00.001Z","updatedAt":"1970-01-01T00:00:00.001Z"},{"id":"b580b471-fbf2-4498-8127-81cb89870aa9","title":"The Macallan Sherry Oak 12 Years","sku":"479024","price":75.9,"currency":"\u20ac","slug":"the-macallan-sherry-oak-12-years","published":true,"createdAt":"1970-01-01T00:00:00.001Z","updatedAt":"1970-01-01T00:00:00.001Z"}]
I, [2022-10-10T10:35:31.755052 #81167]  INFO -- : Running example 'Verifying a pact between productWeb-pact and productApi-pact Given i have a list of products a request for products with GET /products returns a response which has status code 200'
I, [2022-10-10T10:35:31.756125 #81167]  INFO -- : Sending GET request to path: "/products" with headers: {"HTTP_ACCEPT"=>"application/json", "HTTP_X_PACT_ORIGINAL_HEADER_NAMES"=>"Accept", "X_PACT_PROVIDER_STATES"=>[{"name"=>"i have a list of products"}]}, see debug logs for body
D, [2022-10-10T10:35:31.756146 #81167] DEBUG -- : body :
I, [2022-10-10T10:35:31.790399 #81167]  INFO -- : Received response with status: 200, headers: {"Cache-Control"=>"no-cache, private", "Content-Type"=>"application/json", "Date"=>"Mon, 10 Oct 2022 08:35:31 GMT", "X-Powered-By"=>"PHP/8.1.11", "X-Robots-Tag"=>"noindex", "Content-Length"=>"247"}, see debug logs for body
D, [2022-10-10T10:35:31.790467 #81167] DEBUG -- : body: [{"id":"e7ba4c75-b1bb-483d-94d8-2c4a10f78472","title":"Lagavulin 16 Years","sku":"556312","price":89.9,"currency":"\u20ac","slug":"lagavulin-16-years","published":true,"createdAt":"1970-01-01T00:00:00.001Z","updatedAt":"1970-01-01T00:00:00.001Z"}]
I, [2022-10-10T10:35:31.939983 #81167]  INFO -- : Running example 'Verifying a pact between productWeb-pact and productApi-pact Given i have a list of products a request for products with GET /products returns a response which has status code 200'
I, [2022-10-10T10:35:31.940122 #81167]  INFO -- : Sending GET request to path: "/products" with headers: {"HTTP_ACCEPT"=>"application/json", "HTTP_X_PACT_ORIGINAL_HEADER_NAMES"=>"Accept", "X_PACT_PROVIDER_STATES"=>[{"name"=>"i have a list of products"}]}, see debug logs for body
D, [2022-10-10T10:35:31.940142 #81167] DEBUG -- : body :
I, [2022-10-10T10:35:31.962126 #81167]  INFO -- : Received response with status: 200, headers: {"Cache-Control"=>"no-cache, private", "Content-Type"=>"application/json", "Date"=>"Mon, 10 Oct 2022 08:35:31 GMT", "X-Powered-By"=>"PHP/8.1.11", "X-Robots-Tag"=>"noindex", "Content-Length"=>"247"}, see debug logs for body
D, [2022-10-10T10:35:31.962181 #81167] DEBUG -- : body: [{"id":"e7ba4c75-b1bb-483d-94d8-2c4a10f78472","title":"Lagavulin 16 Years","sku":"556312","price":89.9,"currency":"\u20ac","slug":"lagavulin-16-years","published":true,"createdAt":"1970-01-01T00:00:00.001Z","updatedAt":"1970-01-01T00:00:00.001Z"}]
I, [2022-10-10T10:37:32.828151 #81335]  INFO -- : Running example 'Verifying a pact between productWeb-pact and productApi-pact Given i have a list of products a request for products with GET /products returns a response which has status code 200'
I, [2022-10-10T10:37:32.829200 #81335]  INFO -- : Sending GET request to path: "/products" with headers: {"HTTP_ACCEPT"=>"application/json", "HTTP_X_PACT_ORIGINAL_HEADER_NAMES"=>"Accept", "X_PACT_PROVIDER_STATES"=>[{"name"=>"i have a list of products"}]}, see debug logs for body
D, [2022-10-10T10:37:32.829221 #81335] DEBUG -- : body :
I, [2022-10-10T10:37:32.870178 #81335]  INFO -- : Received response with status: 200, headers: {"Cache-Control"=>"no-cache, private", "Content-Type"=>"application/json", "Date"=>"Mon, 10 Oct 2022 08:37:32 GMT", "X-Powered-By"=>"PHP/8.1.11", "X-Robots-Tag"=>"noindex", "Content-Length"=>"247"}, see debug logs for body
D, [2022-10-10T10:37:32.870239 #81335] DEBUG -- : body: [{"id":"e7ba4c75-b1bb-483d-94d8-2c4a10f78472","title":"Lagavulin 16 Years","sku":"556312","price":89.9,"currency":"\u20ac","slug":"lagavulin-16-years","published":true,"createdAt":"1970-01-01T00:00:00.001Z","updatedAt":"1970-01-01T00:00:00.001Z"}]
I, [2022-10-10T10:37:33.013606 #81335]  INFO -- : Running example 'Verifying a pact between productWeb-pact and productApi-pact Given i have a list of products a request for products with GET /products returns a response which has status code 200'
I, [2022-10-10T10:37:33.013718 #81335]  INFO -- : Sending GET request to path: "/products" with headers: {"HTTP_ACCEPT"=>"application/json", "HTTP_X_PACT_ORIGINAL_HEADER_NAMES"=>"Accept", "X_PACT_PROVIDER_STATES"=>[{"name"=>"i have a list of products"}]}, see debug logs for body
D, [2022-10-10T10:37:33.013734 #81335] DEBUG -- : body :
I, [2022-10-10T10:37:33.036834 #81335]  INFO -- : Received response with status: 200, headers: {"Cache-Control"=>"no-cache, private", "Content-Type"=>"application/json", "Date"=>"Mon, 10 Oct 2022 08:37:33 GMT", "X-Powered-By"=>"PHP/8.1.11", "X-Robots-Tag"=>"noindex", "Content-Length"=>"247"}, see debug logs for body
D, [2022-10-10T10:37:33.036886 #81335] DEBUG -- : body: [{"id":"e7ba4c75-b1bb-483d-94d8-2c4a10f78472","title":"Lagavulin 16 Years","sku":"556312","price":89.9,"currency":"\u20ac","slug":"lagavulin-16-years","published":true,"createdAt":"1970-01-01T00:00:00.001Z","updatedAt":"1970-01-01T00:00:00.001Z"}]
I, [2022-10-10T10:49:23.629560 #83254]  INFO -- : Running example 'Verifying a pact between productWeb-pact and productApi-pact Given i have a list of products a request for products with GET /products returns a response which has status code 200'
I, [2022-10-10T10:49:23.630710 #83254]  INFO -- : Sending GET request to path: "/products" with headers: {"HTTP_ACCEPT"=>"application/json", "HTTP_X_PACT_ORIGINAL_HEADER_NAMES"=>"Accept", "X_PACT_PROVIDER_STATES"=>[{"name"=>"i have a list of products"}]}, see debug logs for body
D, [2022-10-10T10:49:23.630737 #83254] DEBUG -- : body :
I, [2022-10-10T10:49:23.661510 #83254]  INFO -- : Received response with status: 200, headers: {"Cache-Control"=>"no-cache, private", "Content-Type"=>"application/json", "Date"=>"Mon, 10 Oct 2022 08:49:23 GMT", "X-Powered-By"=>"PHP/8.1.11", "X-Robots-Tag"=>"noindex", "Content-Length"=>"247"}, see debug logs for body
D, [2022-10-10T10:49:23.661571 #83254] DEBUG -- : body: [{"id":"e7ba4c75-b1bb-483d-94d8-2c4a10f78472","title":"Lagavulin 16 Years","sku":"556312","price":89.9,"currency":"\u20ac","slug":"lagavulin-16-years","published":true,"createdAt":"1970-01-01T00:00:00.001Z","updatedAt":"1970-01-01T00:00:00.001Z"}]
I, [2022-10-10T10:49:23.804928 #83254]  INFO -- : Running example 'Verifying a pact between productWeb-pact and productApi-pact Given i have a list of products a request for products with GET /products returns a response which has status code 200'
I, [2022-10-10T10:49:23.805055 #83254]  INFO -- : Sending GET request to path: "/products" with headers: {"HTTP_ACCEPT"=>"application/json", "HTTP_X_PACT_ORIGINAL_HEADER_NAMES"=>"Accept", "X_PACT_PROVIDER_STATES"=>[{"name"=>"i have a list of products"}]}, see debug logs for body
D, [2022-10-10T10:49:23.805075 #83254] DEBUG -- : body :
I, [2022-10-10T10:49:23.825781 #83254]  INFO -- : Received response with status: 200, headers: {"Cache-Control"=>"no-cache, private", "Content-Type"=>"application/json", "Date"=>"Mon, 10 Oct 2022 08:49:23 GMT", "X-Powered-By"=>"PHP/8.1.11", "X-Robots-Tag"=>"noindex", "Content-Length"=>"247"}, see debug logs for body
D, [2022-10-10T10:49:23.825828 #83254] DEBUG -- : body: [{"id":"e7ba4c75-b1bb-483d-94d8-2c4a10f78472","title":"Lagavulin 16 Years","sku":"556312","price":89.9,"currency":"\u20ac","slug":"lagavulin-16-years","published":true,"createdAt":"1970-01-01T00:00:00.001Z","updatedAt":"1970-01-01T00:00:00.001Z"}]
I, [2022-10-10T12:05:48.169451 #93460]  INFO -- : Running example 'Verifying a pact between productWeb-pact and productApi-pact Given i have a list of products a request for products with GET /products returns a response which has status code 200'
I, [2022-10-10T12:05:48.170693 #93460]  INFO -- : Sending GET request to path: "/products" with headers: {"HTTP_ACCEPT"=>"application/json", "HTTP_X_PACT_ORIGINAL_HEADER_NAMES"=>"Accept", "X_PACT_PROVIDER_STATES"=>[{"name"=>"i have a list of products"}]}, see debug logs for body
D, [2022-10-10T12:05:48.170712 #93460] DEBUG -- : body :
I, [2022-10-10T12:05:48.220179 #93460]  INFO -- : Received response with status: 200, headers: {"Cache-Control"=>"no-cache, private", "Content-Type"=>"application/json", "Date"=>"Mon, 10 Oct 2022 10:05:48 GMT", "X-Powered-By"=>"PHP/8.1.11", "X-Robots-Tag"=>"noindex", "Content-Length"=>"247"}, see debug logs for body
D, [2022-10-10T12:05:48.220244 #93460] DEBUG -- : body: [{"id":"e7ba4c75-b1bb-483d-94d8-2c4a10f78472","title":"Lagavulin 16 Years","sku":"556312","price":89.9,"currency":"\u20ac","slug":"lagavulin-16-years","published":true,"createdAt":"1970-01-01T00:00:00.001Z","updatedAt":"1970-01-01T00:00:00.001Z"}]
I, [2022-10-10T12:05:48.375671 #93460]  INFO -- : Running example 'Verifying a pact between productWeb-pact and productApi-pact Given i have a list of products a request for products with GET /products returns a response which has status code 200'
I, [2022-10-10T12:05:48.375792 #93460]  INFO -- : Sending GET request to path: "/products" with headers: {"HTTP_ACCEPT"=>"application/json", "HTTP_X_PACT_ORIGINAL_HEADER_NAMES"=>"Accept", "X_PACT_PROVIDER_STATES"=>[{"name"=>"i have a list of products"}]}, see debug logs for body
D, [2022-10-10T12:05:48.375808 #93460] DEBUG -- : body :
I, [2022-10-10T12:05:48.399397 #93460]  INFO -- : Received response with status: 200, headers: {"Cache-Control"=>"no-cache, private", "Content-Type"=>"application/json", "Date"=>"Mon, 10 Oct 2022 10:05:48 GMT", "X-Powered-By"=>"PHP/8.1.11", "X-Robots-Tag"=>"noindex", "Content-Length"=>"247"}, see debug logs for body
D, [2022-10-10T12:05:48.399451 #93460] DEBUG -- : body: [{"id":"e7ba4c75-b1bb-483d-94d8-2c4a10f78472","title":"Lagavulin 16 Years","sku":"556312","price":89.9,"currency":"\u20ac","slug":"lagavulin-16-years","published":true,"createdAt":"1970-01-01T00:00:00.001Z","updatedAt":"1970-01-01T00:00:00.001Z"}]
I, [2022-10-10T12:21:42.986045 #96333]  INFO -- : Running example 'Verifying a pact between productWeb-pact and productApi-pact Given i have a list of products a request for products with GET /products returns a response which has status code 200'
I, [2022-10-10T12:21:42.987100 #96333]  INFO -- : Sending GET request to path: "/products" with headers: {"HTTP_ACCEPT"=>"application/json", "HTTP_X_PACT_ORIGINAL_HEADER_NAMES"=>"Accept", "X_PACT_PROVIDER_STATES"=>[{"name"=>"i have a list of products"}]}, see debug logs for body
D, [2022-10-10T12:21:42.987121 #96333] DEBUG -- : body :
I, [2022-10-10T12:21:43.048425 #96333]  INFO -- : Received response with status: 200, headers: {"Cache-Control"=>"no-cache, private", "Content-Type"=>"application/json", "Date"=>"Mon, 10 Oct 2022 10:21:43 GMT", "X-Powered-By"=>"PHP/8.1.11", "X-Robots-Tag"=>"noindex", "Content-Length"=>"247"}, see debug logs for body
D, [2022-10-10T12:21:43.048486 #96333] DEBUG -- : body: [{"id":"e7ba4c75-b1bb-483d-94d8-2c4a10f78472","title":"Lagavulin 16 Years","sku":"556312","price":89.9,"currency":"\u20ac","slug":"lagavulin-16-years","published":true,"createdAt":"1970-01-01T00:00:00.001Z","updatedAt":"1970-01-01T00:00:00.001Z"}]
I, [2022-10-10T12:28:19.137324 #97625]  INFO -- : Running example 'Verifying a pact between productWeb-pact and productApi-pact Given i have a list of products a request for products with GET /products returns a response which has status code 200'
I, [2022-10-10T12:28:19.138392 #97625]  INFO -- : Sending GET request to path: "/products" with headers: {"HTTP_ACCEPT"=>"application/json", "HTTP_X_PACT_ORIGINAL_HEADER_NAMES"=>"Accept", "X_PACT_PROVIDER_STATES"=>[{"name"=>"i have a list of products"}]}, see debug logs for body
D, [2022-10-10T12:28:19.138413 #97625] DEBUG -- : body :
I, [2022-10-10T12:28:19.184243 #97625]  INFO -- : Received response with status: 200, headers: {"Cache-Control"=>"no-cache, private", "Content-Type"=>"application/json", "Date"=>"Mon, 10 Oct 2022 10:28:19 GMT", "X-Powered-By"=>"PHP/8.1.11", "X-Robots-Tag"=>"noindex", "Content-Length"=>"247"}, see debug logs for body
D, [2022-10-10T12:28:19.184354 #97625] DEBUG -- : body: [{"id":"e7ba4c75-b1bb-483d-94d8-2c4a10f78472","title":"Lagavulin 16 Years","sku":"556312","price":89.9,"currency":"\u20ac","slug":"lagavulin-16-years","published":true,"createdAt":"1970-01-01T00:00:00.001Z","updatedAt":"1970-01-01T00:00:00.001Z"}]
I, [2022-10-10T12:31:21.033028 #98254]  INFO -- : Running example 'Verifying a pact between productWeb-pact and productApi-pact Given i have a list of products a request for products with GET /products returns a response which has status code 200'
I, [2022-10-10T12:31:21.034068 #98254]  INFO -- : Sending GET request to path: "/products" with headers: {"HTTP_ACCEPT"=>"application/json", "HTTP_X_PACT_ORIGINAL_HEADER_NAMES"=>"Accept", "X_PACT_PROVIDER_STATES"=>[{"name"=>"i have a list of products"}]}, see debug logs for body
D, [2022-10-10T12:31:21.034092 #98254] DEBUG -- : body :
I, [2022-10-10T12:31:21.081880 #98254]  INFO -- : Received response with status: 200, headers: {"Cache-Control"=>"no-cache, private", "Content-Type"=>"application/json", "Date"=>"Mon, 10 Oct 2022 10:31:21 GMT", "X-Powered-By"=>"PHP/8.1.11", "X-Robots-Tag"=>"noindex", "Content-Length"=>"247"}, see debug logs for body
D, [2022-10-10T12:31:21.081969 #98254] DEBUG -- : body: [{"id":"e7ba4c75-b1bb-483d-94d8-2c4a10f78472","title":"Lagavulin 16 Years","sku":"556312","price":89.9,"currency":"\u20ac","slug":"lagavulin-16-years","published":true,"createdAt":"1970-01-01T00:00:00.001Z","updatedAt":"1970-01-01T00:00:00.001Z"}]
I, [2022-10-10T12:33:01.537524 #98377]  INFO -- : Running example 'Verifying a pact between productWeb-pact and productApi-pact Given i have a list of products a request for products with GET /products returns a response which has status code 200'
I, [2022-10-10T12:33:01.538800 #98377]  INFO -- : Sending GET request to path: "/products" with headers: {"HTTP_ACCEPT"=>"application/json", "HTTP_X_PACT_ORIGINAL_HEADER_NAMES"=>"Accept", "X_PACT_PROVIDER_STATES"=>[{"name"=>"i have a list of products"}]}, see debug logs for body
D, [2022-10-10T12:33:01.538826 #98377] DEBUG -- : body :
I, [2022-10-10T12:33:01.576582 #98377]  INFO -- : Received response with status: 200, headers: {"Cache-Control"=>"no-cache, private", "Content-Type"=>"application/json", "Date"=>"Mon, 10 Oct 2022 10:33:01 GMT", "X-Powered-By"=>"PHP/8.1.11", "X-Robots-Tag"=>"noindex", "Content-Length"=>"247"}, see debug logs for body
D, [2022-10-10T12:33:01.576648 #98377] DEBUG -- : body: [{"id":"e7ba4c75-b1bb-483d-94d8-2c4a10f78472","title":"Lagavulin 16 Years","sku":"556312","price":89.9,"currency":"\u20ac","slug":"lagavulin-16-years","published":true,"createdAt":"1970-01-01T00:00:00.001Z","updatedAt":"1970-01-01T00:00:00.001Z"}]
I, [2022-10-10T12:33:01.725204 #98377]  INFO -- : Running example 'Verifying a pact between productWeb-pact and productApi-pact Given i have a list of products a request for products with GET /products returns a response which has status code 200'
I, [2022-10-10T12:33:01.725323 #98377]  INFO -- : Sending GET request to path: "/products" with headers: {"HTTP_ACCEPT"=>"application/json", "HTTP_X_PACT_ORIGINAL_HEADER_NAMES"=>"Accept", "X_PACT_PROVIDER_STATES"=>[{"name"=>"i have a list of products"}]}, see debug logs for body
D, [2022-10-10T12:33:01.725341 #98377] DEBUG -- : body :
I, [2022-10-10T12:33:01.751100 #98377]  INFO -- : Received response with status: 200, headers: {"Cache-Control"=>"no-cache, private", "Content-Type"=>"application/json", "Date"=>"Mon, 10 Oct 2022 10:33:01 GMT", "X-Powered-By"=>"PHP/8.1.11", "X-Robots-Tag"=>"noindex", "Content-Length"=>"247"}, see debug logs for body
D, [2022-10-10T12:33:01.751149 #98377] DEBUG -- : body: [{"id":"e7ba4c75-b1bb-483d-94d8-2c4a10f78472","title":"Lagavulin 16 Years","sku":"556312","price":89.9,"currency":"\u20ac","slug":"lagavulin-16-years","published":true,"createdAt":"1970-01-01T00:00:00.001Z","updatedAt":"1970-01-01T00:00:00.001Z"}]
I, [2022-10-10T12:34:29.092302 #98878]  INFO -- : Running example 'Verifying a pact between productWeb-pact and productApi-pact Given i have a list of products a request for products with GET /products returns a response which has status code 200'
I, [2022-10-10T12:34:29.093388 #98878]  INFO -- : Sending GET request to path: "/products" with headers: {"HTTP_ACCEPT"=>"application/json", "HTTP_X_PACT_ORIGINAL_HEADER_NAMES"=>"Accept", "X_PACT_PROVIDER_STATES"=>[{"name"=>"i have a list of products"}]}, see debug logs for body
D, [2022-10-10T12:34:29.093413 #98878] DEBUG -- : body :
I, [2022-10-10T12:34:29.143381 #98878]  INFO -- : Received response with status: 200, headers: {"Cache-Control"=>"no-cache, private", "Content-Type"=>"application/json", "Date"=>"Mon, 10 Oct 2022 10:34:29 GMT", "X-Powered-By"=>"PHP/8.1.11", "X-Robots-Tag"=>"noindex", "Content-Length"=>"247"}, see debug logs for body
D, [2022-10-10T12:34:29.143451 #98878] DEBUG -- : body: [{"id":"e7ba4c75-b1bb-483d-94d8-2c4a10f78472","title":"Lagavulin 16 Years","sku":"556312","price":89.9,"currency":"\u20ac","slug":"lagavulin-16-years","published":true,"createdAt":"1970-01-01T00:00:00.001Z","updatedAt":"1970-01-01T00:00:00.001Z"}]
I, [2022-10-10T12:34:29.309123 #98878]  INFO -- : Running example 'Verifying a pact between productWeb-pact and productApi-pact Given i have a list of products a request for products with GET /products returns a response which has status code 200'
I, [2022-10-10T12:34:29.309254 #98878]  INFO -- : Sending GET request to path: "/products" with headers: {"HTTP_ACCEPT"=>"application/json", "HTTP_X_PACT_ORIGINAL_HEADER_NAMES"=>"Accept", "X_PACT_PROVIDER_STATES"=>[{"name"=>"i have a list of products"}]}, see debug logs for body
D, [2022-10-10T12:34:29.309274 #98878] DEBUG -- : body :
I, [2022-10-10T12:34:29.333350 #98878]  INFO -- : Received response with status: 200, headers: {"Cache-Control"=>"no-cache, private", "Content-Type"=>"application/json", "Date"=>"Mon, 10 Oct 2022 10:34:29 GMT", "X-Powered-By"=>"PHP/8.1.11", "X-Robots-Tag"=>"noindex", "Content-Length"=>"247"}, see debug logs for body
D, [2022-10-10T12:34:29.333405 #98878] DEBUG -- : body: [{"id":"e7ba4c75-b1bb-483d-94d8-2c4a10f78472","title":"Lagavulin 16 Years","sku":"556312","price":89.9,"currency":"\u20ac","slug":"lagavulin-16-years","published":true,"createdAt":"1970-01-01T00:00:00.001Z","updatedAt":"1970-01-01T00:00:00.001Z"}]
I, [2022-10-10T12:35:53.872742 #99258]  INFO -- : Running example 'Verifying a pact between productWeb-pact and productApi-pact Given i have a list of products a request for products with GET /products returns a response which has status code 200'
I, [2022-10-10T12:35:53.873845 #99258]  INFO -- : Sending GET request to path: "/products" with headers: {"HTTP_ACCEPT"=>"application/json", "HTTP_X_PACT_ORIGINAL_HEADER_NAMES"=>"Accept", "X_PACT_PROVIDER_STATES"=>[{"name"=>"i have a list of products"}]}, see debug logs for body
D, [2022-10-10T12:35:53.873870 #99258] DEBUG -- : body :
I, [2022-10-10T12:35:53.909289 #99258]  INFO -- : Received response with status: 200, headers: {"Cache-Control"=>"no-cache, private", "Content-Type"=>"application/json", "Date"=>"Mon, 10 Oct 2022 10:35:53 GMT", "X-Powered-By"=>"PHP/8.1.11", "X-Robots-Tag"=>"noindex", "Content-Length"=>"234"}, see debug logs for body
D, [2022-10-10T12:35:53.909351 #99258] DEBUG -- : body: [{"id":"e7ba4c75-b1bb-483d-94d8-2c4a10f78472","title":"Lagavulin 16 Years","sku":"556312","currency":"\u20ac","slug":"lagavulin-16-years","published":true,"createdAt":"1970-01-01T00:00:00.001Z","updatedAt":"1970-01-01T00:00:00.001Z"}]
I, [2022-10-10T12:35:54.142569 #99258]  INFO -- : Running example 'Verifying a pact between productWeb-pact and productApi-pact Given i have a list of products a request for products with GET /products returns a response which has status code 200'
I, [2022-10-10T12:35:54.142690 #99258]  INFO -- : Sending GET request to path: "/products" with headers: {"HTTP_ACCEPT"=>"application/json", "HTTP_X_PACT_ORIGINAL_HEADER_NAMES"=>"Accept", "X_PACT_PROVIDER_STATES"=>[{"name"=>"i have a list of products"}]}, see debug logs for body
D, [2022-10-10T12:35:54.142725 #99258] DEBUG -- : body :
I, [2022-10-10T12:35:54.164372 #99258]  INFO -- : Received response with status: 200, headers: {"Cache-Control"=>"no-cache, private", "Content-Type"=>"application/json", "Date"=>"Mon, 10 Oct 2022 10:35:54 GMT", "X-Powered-By"=>"PHP/8.1.11", "X-Robots-Tag"=>"noindex", "Content-Length"=>"234"}, see debug logs for body
D, [2022-10-10T12:35:54.164416 #99258] DEBUG -- : body: [{"id":"e7ba4c75-b1bb-483d-94d8-2c4a10f78472","title":"Lagavulin 16 Years","sku":"556312","currency":"\u20ac","slug":"lagavulin-16-years","published":true,"createdAt":"1970-01-01T00:00:00.001Z","updatedAt":"1970-01-01T00:00:00.001Z"}]
I, [2022-10-10T12:37:42.650385 #99460]  INFO -- : Running example 'Verifying a pact between productWeb-pact and productApi-pact Given i have a list of products a request for products with GET /products returns a response which has status code 200'
I, [2022-10-10T12:37:42.651553 #99460]  INFO -- : Sending GET request to path: "/products" with headers: {"HTTP_ACCEPT"=>"application/json", "HTTP_X_PACT_ORIGINAL_HEADER_NAMES"=>"Accept", "X_PACT_PROVIDER_STATES"=>[{"name"=>"i have a list of products"}]}, see debug logs for body
D, [2022-10-10T12:37:42.651574 #99460] DEBUG -- : body :
I, [2022-10-10T12:37:42.692520 #99460]  INFO -- : Received response with status: 200, headers: {"Cache-Control"=>"no-cache, private", "Content-Type"=>"application/json", "Date"=>"Mon, 10 Oct 2022 10:37:42 GMT", "X-Powered-By"=>"PHP/8.1.11", "X-Robots-Tag"=>"noindex", "Content-Length"=>"234"}, see debug logs for body
D, [2022-10-10T12:37:42.692587 #99460] DEBUG -- : body: [{"id":"e7ba4c75-b1bb-483d-94d8-2c4a10f78472","title":"Lagavulin 16 Years","sku":"556312","currency":"\u20ac","slug":"lagavulin-16-years","published":true,"createdAt":"1970-01-01T00:00:00.001Z","updatedAt":"1970-01-01T00:00:00.001Z"}]
I, [2022-10-10T12:37:42.896297 #99460]  INFO -- : Running example 'Verifying a pact between productWeb-pact and productApi-pact Given i have a list of products a request for products with GET /products returns a response which has status code 200'
I, [2022-10-10T12:37:42.896411 #99460]  INFO -- : Sending GET request to path: "/products" with headers: {"HTTP_ACCEPT"=>"application/json", "HTTP_X_PACT_ORIGINAL_HEADER_NAMES"=>"Accept", "X_PACT_PROVIDER_STATES"=>[{"name"=>"i have a list of products"}]}, see debug logs for body
D, [2022-10-10T12:37:42.896433 #99460] DEBUG -- : body :
I, [2022-10-10T12:37:42.918512 #99460]  INFO -- : Received response with status: 200, headers: {"Cache-Control"=>"no-cache, private", "Content-Type"=>"application/json", "Date"=>"Mon, 10 Oct 2022 10:37:42 GMT", "X-Powered-By"=>"PHP/8.1.11", "X-Robots-Tag"=>"noindex", "Content-Length"=>"234"}, see debug logs for body
D, [2022-10-10T12:37:42.918569 #99460] DEBUG -- : body: [{"id":"e7ba4c75-b1bb-483d-94d8-2c4a10f78472","title":"Lagavulin 16 Years","sku":"556312","currency":"\u20ac","slug":"lagavulin-16-years","published":true,"createdAt":"1970-01-01T00:00:00.001Z","updatedAt":"1970-01-01T00:00:00.001Z"}]
I, [2022-10-10T15:52:45.056598 #9802]  INFO -- : Running example 'Verifying a pact between productWeb-pact and productApi-pact Given i have a list of products a request for products with GET /products returns a response which has status code 200'
I, [2022-10-10T15:52:45.057752 #9802]  INFO -- : Sending GET request to path: "/products" with headers: {"HTTP_ACCEPT"=>"application/json", "HTTP_X_PACT_ORIGINAL_HEADER_NAMES"=>"Accept", "X_PACT_PROVIDER_STATES"=>[{"name"=>"i have a list of products"}]}, see debug logs for body
D, [2022-10-10T15:52:45.057772 #9802] DEBUG -- : body :
I, [2022-10-10T15:52:45.090917 #9802]  INFO -- : Received response with status: 200, headers: {"Cache-Control"=>"no-cache, private", "Content-Type"=>"application/json", "Date"=>"Mon, 10 Oct 2022 13:52:45 GMT", "X-Powered-By"=>"PHP/8.1.11", "X-Robots-Tag"=>"noindex", "Content-Length"=>"234"}, see debug logs for body
D, [2022-10-10T15:52:45.090975 #9802] DEBUG -- : body: [{"id":"e7ba4c75-b1bb-483d-94d8-2c4a10f78472","title":"Lagavulin 16 Years","sku":"556312","currency":"\u20ac","slug":"lagavulin-16-years","published":true,"createdAt":"1970-01-01T00:00:00.001Z","updatedAt":"1970-01-01T00:00:00.001Z"}]
I, [2022-10-10T15:52:45.298455 #9802]  INFO -- : Running example 'Verifying a pact between productWeb-pact and productApi-pact Given i have a list of products a request for products with GET /products returns a response which has status code 200'
I, [2022-10-10T15:52:45.298580 #9802]  INFO -- : Sending GET request to path: "/products" with headers: {"HTTP_ACCEPT"=>"application/json", "HTTP_X_PACT_ORIGINAL_HEADER_NAMES"=>"Accept", "X_PACT_PROVIDER_STATES"=>[{"name"=>"i have a list of products"}]}, see debug logs for body
D, [2022-10-10T15:52:45.298597 #9802] DEBUG -- : body :
I, [2022-10-10T15:52:45.321530 #9802]  INFO -- : Received response with status: 200, headers: {"Cache-Control"=>"no-cache, private", "Content-Type"=>"application/json", "Date"=>"Mon, 10 Oct 2022 13:52:45 GMT", "X-Powered-By"=>"PHP/8.1.11", "X-Robots-Tag"=>"noindex", "Content-Length"=>"234"}, see debug logs for body
D, [2022-10-10T15:52:45.321585 #9802] DEBUG -- : body: [{"id":"e7ba4c75-b1bb-483d-94d8-2c4a10f78472","title":"Lagavulin 16 Years","sku":"556312","currency":"\u20ac","slug":"lagavulin-16-years","published":true,"createdAt":"1970-01-01T00:00:00.001Z","updatedAt":"1970-01-01T00:00:00.001Z"}]
I, [2022-10-10T15:52:58.052361 #9853]  INFO -- : Running example 'Verifying a pact between productWeb-pact and productApi-pact Given i have a list of products a request for products with GET /products returns a response which has status code 200'
I, [2022-10-10T15:52:58.053461 #9853]  INFO -- : Sending GET request to path: "/products" with headers: {"HTTP_ACCEPT"=>"application/json", "HTTP_X_PACT_ORIGINAL_HEADER_NAMES"=>"Accept", "X_PACT_PROVIDER_STATES"=>[{"name"=>"i have a list of products"}]}, see debug logs for body
D, [2022-10-10T15:52:58.053481 #9853] DEBUG -- : body :
I, [2022-10-10T15:52:58.090625 #9853]  INFO -- : Received response with status: 200, headers: {"Cache-Control"=>"no-cache, private", "Content-Type"=>"application/json", "Date"=>"Mon, 10 Oct 2022 13:52:58 GMT", "X-Powered-By"=>"PHP/8.1.11", "X-Robots-Tag"=>"noindex", "Content-Length"=>"247"}, see debug logs for body
D, [2022-10-10T15:52:58.090688 #9853] DEBUG -- : body: [{"id":"e7ba4c75-b1bb-483d-94d8-2c4a10f78472","title":"Lagavulin 16 Years","sku":"556312","price":89.9,"currency":"\u20ac","slug":"lagavulin-16-years","published":true,"createdAt":"1970-01-01T00:00:00.001Z","updatedAt":"1970-01-01T00:00:00.001Z"}]
I, [2022-10-10T15:52:58.238015 #9853]  INFO -- : Running example 'Verifying a pact between productWeb-pact and productApi-pact Given i have a list of products a request for products with GET /products returns a response which has status code 200'
I, [2022-10-10T15:52:58.238148 #9853]  INFO -- : Sending GET request to path: "/products" with headers: {"HTTP_ACCEPT"=>"application/json", "HTTP_X_PACT_ORIGINAL_HEADER_NAMES"=>"Accept", "X_PACT_PROVIDER_STATES"=>[{"name"=>"i have a list of products"}]}, see debug logs for body
D, [2022-10-10T15:52:58.238167 #9853] DEBUG -- : body :
I, [2022-10-10T15:52:58.259255 #9853]  INFO -- : Received response with status: 200, headers: {"Cache-Control"=>"no-cache, private", "Content-Type"=>"application/json", "Date"=>"Mon, 10 Oct 2022 13:52:58 GMT", "X-Powered-By"=>"PHP/8.1.11", "X-Robots-Tag"=>"noindex", "Content-Length"=>"247"}, see debug logs for body
D, [2022-10-10T15:52:58.259301 #9853] DEBUG -- : body: [{"id":"e7ba4c75-b1bb-483d-94d8-2c4a10f78472","title":"Lagavulin 16 Years","sku":"556312","price":89.9,"currency":"\u20ac","slug":"lagavulin-16-years","published":true,"createdAt":"1970-01-01T00:00:00.001Z","updatedAt":"1970-01-01T00:00:00.001Z"}]
